<?xml version="1.0" encoding="UTF-8"?>
<!-- Generated by org.testng.reporters.JUnitXMLReporter -->
<testsuite ignored="0" hostname="sunny-PC" failures="0" tests="4" name="Chrome" time="0.1" errors="0" timestamp="2022-05-14T00:37:41 IST">
  <testcase classname="pilot.ClassA" name="test1" time="0.008"/>
  <testcase classname="pilot.ClassA" name="test2" time="0.001"/>
  <testcase classname="pilot.ClassB" name="test11" time="0.002"/>
  <testcase classname="pilot.ClassB" name="test21" time="0.001"/>
</testsuite> <!-- Chrome -->
