<?xml version="1.0" encoding="UTF-8"?>
<!-- Generated by org.testng.reporters.JUnitXMLReporter -->
<testsuite ignored="0" hostname="sunny-PC" failures="0" tests="4" name="Test" time="0.077" errors="0" timestamp="2022-05-14T00:34:14 IST">
  <testcase classname="pilot.ClassA" name="test1" time="0.009"/>
  <testcase classname="pilot.ClassB" name="test11" time="0.009"/>
  <testcase classname="pilot.ClassA" name="test2" time="0.002"/>
  <testcase classname="pilot.ClassB" name="test21" time="0.004"/>
</testsuite> <!-- Test -->
