<?xml version="1.0" encoding="UTF-8"?>
<!-- Generated by org.testng.reporters.JUnitXMLReporter -->
<testsuite ignored="0" hostname="sunny-PC" failures="0" tests="3" name="Default test" time="30.613" errors="0" timestamp="2022-05-22T22:20:06 IST">
  <testcase classname="implementation.Testclass" name="testA" time="8.278"/>
  <testcase classname="implementation.Testclass" name="testB" time="5.207"/>
  <testcase classname="implementation.Testclass" name="testC" time="5.298"/>
</testsuite> <!-- Default test -->
