<?xml version="1.0" encoding="UTF-8"?>
<testng-results ignored="0" total="3" passed="3" failed="0" skipped="0">
  <reporter-output>
  </reporter-output>
  <suite started-at="2022-05-22T22:19:35 IST" name="Default suite" finished-at="2022-05-22T22:20:06 IST" duration-ms="30613">
    <groups>
    </groups>
    <test started-at="2022-05-22T22:19:35 IST" name="Default test" finished-at="2022-05-22T22:20:06 IST" duration-ms="30613">
      <class name="implementation.Testclass">
        <test-method is-config="true" signature="beforeclass()[pri:0, instance:implementation.Testclass@50b472aa]" started-at="2022-05-22T22:19:35 IST" name="beforeclass" finished-at="2022-05-22T22:19:47 IST" duration-ms="11771" status="PASS">
          <reporter-output>
          </reporter-output>
        </test-method> <!-- beforeclass -->
        <test-method is-config="true" signature="beforemethode()[pri:0, instance:implementation.Testclass@50b472aa]" started-at="2022-05-22T22:19:47 IST" name="beforemethode" finished-at="2022-05-22T22:19:47 IST" duration-ms="1" status="PASS">
          <reporter-output>
          </reporter-output>
        </test-method> <!-- beforemethode -->
        <test-method signature="testA()[pri:0, instance:implementation.Testclass@50b472aa]" started-at="2022-05-22T22:19:47 IST" name="testA" finished-at="2022-05-22T22:19:55 IST" duration-ms="8278" status="PASS">
          <reporter-output>
          </reporter-output>
        </test-method> <!-- testA -->
        <test-method is-config="true" signature="aftermethod()[pri:0, instance:implementation.Testclass@50b472aa]" started-at="2022-05-22T22:19:55 IST" name="aftermethod" finished-at="2022-05-22T22:19:55 IST" duration-ms="1" status="PASS">
          <reporter-output>
          </reporter-output>
        </test-method> <!-- aftermethod -->
        <test-method is-config="true" signature="beforemethode()[pri:0, instance:implementation.Testclass@50b472aa]" started-at="2022-05-22T22:19:55 IST" name="beforemethode" finished-at="2022-05-22T22:19:55 IST" duration-ms="0" status="PASS">
          <reporter-output>
          </reporter-output>
        </test-method> <!-- beforemethode -->
        <test-method signature="testB()[pri:0, instance:implementation.Testclass@50b472aa]" started-at="2022-05-22T22:19:55 IST" name="testB" finished-at="2022-05-22T22:20:00 IST" duration-ms="5207" status="PASS">
          <reporter-output>
          </reporter-output>
        </test-method> <!-- testB -->
        <test-method is-config="true" signature="aftermethod()[pri:0, instance:implementation.Testclass@50b472aa]" started-at="2022-05-22T22:20:00 IST" name="aftermethod" finished-at="2022-05-22T22:20:00 IST" duration-ms="1" status="PASS">
          <reporter-output>
          </reporter-output>
        </test-method> <!-- aftermethod -->
        <test-method signature="testC()[pri:0, instance:implementation.Testclass@50b472aa]" started-at="2022-05-22T22:20:00 IST" name="testC" finished-at="2022-05-22T22:20:06 IST" duration-ms="5298" status="PASS">
          <reporter-output>
          </reporter-output>
        </test-method> <!-- testC -->
        <test-method is-config="true" signature="beforemethode()[pri:0, instance:implementation.Testclass@50b472aa]" started-at="2022-05-22T22:20:00 IST" name="beforemethode" finished-at="2022-05-22T22:20:00 IST" duration-ms="0" status="PASS">
          <reporter-output>
          </reporter-output>
        </test-method> <!-- beforemethode -->
        <test-method is-config="true" signature="aftermethod()[pri:0, instance:implementation.Testclass@50b472aa]" started-at="2022-05-22T22:20:06 IST" name="aftermethod" finished-at="2022-05-22T22:20:06 IST" duration-ms="0" status="PASS">
          <reporter-output>
          </reporter-output>
        </test-method> <!-- aftermethod -->
        <test-method is-config="true" signature="afterclass()[pri:0, instance:implementation.Testclass@50b472aa]" started-at="2022-05-22T22:20:06 IST" name="afterclass" finished-at="2022-05-22T22:20:06 IST" duration-ms="0" status="PASS">
          <reporter-output>
          </reporter-output>
        </test-method> <!-- afterclass -->
      </class> <!-- implementation.Testclass -->
    </test> <!-- Default test -->
  </suite> <!-- Default suite -->
</testng-results>
